# JRE version: OpenJDK Runtime Environment (8.0_76-b03) (build 1.8.0_76-release-b03)
# Java VM: OpenJDK 64-Bit Server VM (25.76-b03 mixed mode windows-amd64 compressed oops)
Heap:
 PSYoungGen      total 66048K, used 12976K [0x00000000e0000000, 0x00000000e4800000, 0x0000000100000000)
  eden space 58368K, 22% used [0x00000000e0000000,0x00000000e0cac0d8,0x00000000e3900000)
  from space 7680K, 0% used [0x00000000e4080000,0x00000000e4080000,0x00000000e4800000)
  to   space 7680K, 0% used [0x00000000e3900000,0x00000000e3900000,0x00000000e4080000)
 ParOldGen       total 29696K, used 8863K [0x00000000a0000000, 0x00000000a1d00000, 0x00000000e0000000)
  object space 29696K, 29% used [0x00000000a0000000,0x00000000a08a7fe0,0x00000000a1d00000)
 Metaspace       used 22294K, capacity 22820K, committed 22960K, reserved 1069056K
  class space    used 2960K, capacity 3146K, committed 3248K, reserved 1048576K
GC Heap History (10 events):
Event: 2.420 GC heap after
Heap after GC invocations=4 (full 0):
 PSYoungGen      total 16896K, used 2048K [0x00000000e0000000, 0x00000000e2100000, 0x0000000100000000)
  eden space 14848K, 0% used [0x00000000e0000000,0x00000000e0000000,0x00000000e0e80000)
  from space 2048K, 100% used [0x00000000e1080000,0x00000000e1280000,0x00000000e1280000)
  to   space 2048K, 0% used [0x00000000e0e80000,0x00000000e0e80000,0x00000000e1080000)
 ParOldGen       total 38400K, used 4132K [0x00000000a0000000, 0x00000000a2580000, 0x00000000e0000000)
  object space 38400K, 10% used [0x00000000a0000000,0x00000000a0409250,0x00000000a2580000)
 Metaspace       used 11872K, capacity 12290K, committed 12544K, reserved 1060864K
  class space    used 1569K, capacity 1723K, committed 1792K, reserved 1048576K
}
Event: 2.811 GC heap before
{Heap before GC invocations=5 (full 0):
 PSYoungGen      total 16896K, used 16896K [0x00000000e0000000, 0x00000000e2100000, 0x0000000100000000)
  eden space 14848K, 100% used [0x00000000e0000000,0x00000000e0e80000,0x00000000e0e80000)
  from space 2048K, 100% used [0x00000000e1080000,0x00000000e1280000,0x00000000e1280000)
  to   space 2048K, 0% used [0x00000000e0e80000,0x00000000e0e80000,0x00000000e1080000)
 ParOldGen       total 38400K, used 4132K [0x00000000a0000000, 0x00000000a2580000, 0x00000000e0000000)
  object space 38400K, 10% used [0x00000000a0000000,0x00000000a0409250,0x00000000a2580000)
 Metaspace       used 14614K, capacity 14946K, committed 15104K, reserved 1062912K
  class space    used 1891K, capacity 2011K, committed 2048K, reserved 1048576K
Event: 2.818 GC heap after
Heap after GC invocations=5 (full 0):
 PSYoungGen      total 16896K, used 2048K [0x00000000e0000000, 0x00000000e2800000, 0x0000000100000000)
  eden space 14848K, 0% used [0x00000000e0000000,0x00000000e0000000,0x00000000e0e80000)
  from space 2048K, 100% used [0x00000000e0e80000,0x00000000e1080000,0x00000000e1080000)
  to   space 5632K, 0% used [0x00000000e2280000,0x00000000e2280000,0x00000000e2800000)
 ParOldGen       total 38400K, used 7063K [0x00000000a0000000, 0x00000000a2580000, 0x00000000e0000000)
  object space 38400K, 18% used [0x00000000a0000000,0x00000000a06e5ea0,0x00000000a2580000)
 Metaspace       used 14614K, capacity 14946K, committed 15104K, reserved 1062912K
  class space    used 1891K, capacity 2011K, committed 2048K, reserved 1048576K
}
Event: 3.127 GC heap before
{Heap before GC invocations=6 (full 0):
 PSYoungGen      total 16896K, used 16896K [0x00000000e0000000, 0x00000000e2800000, 0x0000000100000000)
  eden space 14848K, 100% used [0x00000000e0000000,0x00000000e0e80000,0x00000000e0e80000)
  from space 2048K, 100% used [0x00000000e0e80000,0x00000000e1080000,0x00000000e1080000)
  to   space 5632K, 0% used [0x00000000e2280000,0x00000000e2280000,0x00000000e2800000)
 ParOldGen       total 38400K, used 7063K [0x00000000a0000000, 0x00000000a2580000, 0x00000000e0000000)
  object space 38400K, 18% used [0x00000000a0000000,0x00000000a06e5ea0,0x00000000a2580000)
 Metaspace       used 17619K, capacity 17954K, committed 18176K, reserved 1064960K
  class space    used 2332K, capacity 2459K, committed 2560K, reserved 1048576K
Event: 3.138 GC heap after
Heap after GC invocations=6 (full 0):
 PSYoungGen      total 34816K, used 5011K [0x00000000e0000000, 0x00000000e2900000, 0x0000000100000000)
  eden space 29184K, 0% used [0x00000000e0000000,0x00000000e0000000,0x00000000e1c80000)
  from space 5632K, 88% used [0x00000000e2280000,0x00000000e2764c28,0x00000000e2800000)
  to   space 6144K, 0% used [0x00000000e1c80000,0x00000000e1c80000,0x00000000e2280000)
 ParOldGen       total 38400K, used 7071K [0x00000000a0000000, 0x00000000a2580000, 0x00000000e0000000)
  object space 38400K, 18% used [0x00000000a0000000,0x00000000a06e7ea0,0x00000000a2580000)
 Metaspace       used 17619K, capacity 17954K, committed 18176K, reserved 1064960K
  class space    used 2332K, capacity 2459K, committed 2560K, reserved 1048576K
}
Event: 5.489 GC heap before
{Heap before GC invocations=7 (full 0):
 PSYoungGen      total 34816K, used 34195K [0x00000000e0000000, 0x00000000e2900000, 0x0000000100000000)
  eden space 29184K, 100% used [0x00000000e0000000,0x00000000e1c80000,0x00000000e1c80000)
  from space 5632K, 88% used [0x00000000e2280000,0x00000000e2764c28,0x00000000e2800000)
  to   space 6144K, 0% used [0x00000000e1c80000,0x00000000e1c80000,0x00000000e2280000)
 ParOldGen       total 38400K, used 7071K [0x00000000a0000000, 0x00000000a2580000, 0x00000000e0000000)
  object space 38400K, 18% used [0x00000000a0000000,0x00000000a06e7ea0,0x00000000a2580000)
 Metaspace       used 20668K, capacity 21156K, committed 21296K, reserved 1067008K
  class space    used 2684K, capacity 2826K, committed 2864K, reserved 1048576K
Event: 5.506 GC heap after
Heap after GC invocations=7 (full 0):
 PSYoungGen      total 35328K, used 6126K [0x00000000e0000000, 0x00000000e4800000, 0x0000000100000000)
  eden space 29184K, 0% used [0x00000000e0000000,0x00000000e0000000,0x00000000e1c80000)
  from space 6144K, 99% used [0x00000000e1c80000,0x00000000e227b9f0,0x00000000e2280000)
  to   space 7680K, 0% used [0x00000000e4080000,0x00000000e4080000,0x00000000e4800000)
 ParOldGen       total 38400K, used 8376K [0x00000000a0000000, 0x00000000a2580000, 0x00000000e0000000)
  object space 38400K, 21% used [0x00000000a0000000,0x00000000a082e3c0,0x00000000a2580000)
 Metaspace       used 20668K, capacity 21156K, committed 21296K, reserved 1067008K
  class space    used 2684K, capacity 2826K, committed 2864K, reserved 1048576K
}
Event: 5.538 GC heap before
{Heap before GC invocations=8 (full 0):
 PSYoungGen      total 35328K, used 7624K [0x00000000e0000000, 0x00000000e4800000, 0x0000000100000000)
  eden space 29184K, 5% used [0x00000000e0000000,0x00000000e01769b0,0x00000000e1c80000)
  from space 6144K, 99% used [0x00000000e1c80000,0x00000000e227b9f0,0x00000000e2280000)
  to   space 7680K, 0% used [0x00000000e4080000,0x00000000e4080000,0x00000000e4800000)
 ParOldGen       total 38400K, used 8376K [0x00000000a0000000, 0x00000000a2580000, 0x00000000e0000000)
  object space 38400K, 21% used [0x00000000a0000000,0x00000000a082e3c0,0x00000000a2580000)
 Metaspace       used 20805K, capacity 21220K, committed 21296K, reserved 1067008K
  class space    used 2705K, capacity 2826K, committed 2864K, reserved 1048576K
Event: 5.573 GC heap after
Heap after GC invocations=8 (full 0):
 PSYoungGen      total 66048K, used 4357K [0x00000000e0000000, 0x00000000e4800000, 0x0000000100000000)
  eden space 58368K, 0% used [0x00000000e0000000,0x00000000e0000000,0x00000000e3900000)
  from space 7680K, 56% used [0x00000000e4080000,0x00000000e44c1578,0x00000000e4800000)
  to   space 7680K, 0% used [0x00000000e3900000,0x00000000e3900000,0x00000000e4080000)
 ParOldGen       total 38400K, used 9189K [0x00000000a0000000, 0x00000000a2580000, 0x00000000e0000000)
  object space 38400K, 23% used [0x00000000a0000000,0x00000000a08f9460,0x00000000a2580000)
 Metaspace       used 20805K, capacity 21220K, committed 21296K, reserved 1067008K
  class space    used 2705K, capacity 2826K, committed 2864K, reserved 1048576K
}
Event: 5.573 GC heap before
{Heap before GC invocations=9 (full 1):
 PSYoungGen      total 66048K, used 4357K [0x00000000e0000000, 0x00000000e4800000, 0x0000000100000000)
  eden space 58368K, 0% used [0x00000000e0000000,0x00000000e0000000,0x00000000e3900000)
  from space 7680K, 56% used [0x00000000e4080000,0x00000000e44c1578,0x00000000e4800000)
  to   space 7680K, 0% used [0x00000000e3900000,0x00000000e3900000,0x00000000e4080000)
 ParOldGen       total 38400K, used 9189K [0x00000000a0000000, 0x00000000a2580000, 0x00000000e0000000)
  object space 38400K, 23% used [0x00000000a0000000,0x00000000a08f9460,0x00000000a2580000)
 Metaspace       used 20805K, capacity 21220K, committed 21296K, reserved 1067008K
  class space    used 2705K, capacity 2826K, committed 2864K, reserved 1048576K

