# JRE version: OpenJDK Runtime Environment (8.0_76-b03) (build 1.8.0_76-release-b03)
# Java VM: OpenJDK 64-Bit Server VM (25.76-b03 mixed mode windows-amd64 compressed oops)
Heap:
 PSYoungGen      total 71680K, used 35332K [0x00000000e0000000, 0x00000000e5000000, 0x0000000100000000)
  eden space 65024K, 44% used [0x00000000e0000000,0x00000000e1c07098,0x00000000e3f80000)
  from space 6656K, 99% used [0x00000000e4980000,0x00000000e4ff9fc8,0x00000000e5000000)
  to   space 7680K, 0% used [0x00000000e4100000,0x00000000e4100000,0x00000000e4880000)
 ParOldGen       total 46080K, used 16297K [0x00000000a0000000, 0x00000000a2d00000, 0x00000000e0000000)
  object space 46080K, 35% used [0x00000000a0000000,0x00000000a0fea6a0,0x00000000a2d00000)
 Metaspace       used 41585K, capacity 42508K, committed 42672K, reserved 1085440K
  class space    used 5574K, capacity 5808K, committed 5808K, reserved 1048576K
GC Heap History (10 events):
Event: 23.260 GC heap before
{Heap before GC invocations=16 (full 1):
 PSYoungGen      total 47104K, used 42688K [0x00000000e0000000, 0x00000000e3580000, 0x0000000100000000)
  eden space 41472K, 100% used [0x00000000e0000000,0x00000000e2880000,0x00000000e2880000)
  from space 5632K, 21% used [0x00000000e3000000,0x00000000e3130000,0x00000000e3580000)
  to   space 6656K, 0% used [0x00000000e2880000,0x00000000e2880000,0x00000000e2f00000)
 ParOldGen       total 29184K, used 11137K [0x00000000a0000000, 0x00000000a1c80000, 0x00000000e0000000)
  object space 29184K, 38% used [0x00000000a0000000,0x00000000a0ae05c0,0x00000000a1c80000)
 Metaspace       used 28685K, capacity 29276K, committed 29488K, reserved 1075200K
  class space    used 3896K, capacity 4072K, committed 4144K, reserved 1048576K
Event: 23.264 GC heap after
Heap after GC invocations=16 (full 1):
 PSYoungGen      total 48128K, used 1536K [0x00000000e0000000, 0x00000000e4280000, 0x0000000100000000)
  eden space 41472K, 0% used [0x00000000e0000000,0x00000000e0000000,0x00000000e2880000)
  from space 6656K, 23% used [0x00000000e2880000,0x00000000e2a00000,0x00000000e2f00000)
  to   space 6656K, 0% used [0x00000000e3c00000,0x00000000e3c00000,0x00000000e4280000)
 ParOldGen       total 29184K, used 11537K [0x00000000a0000000, 0x00000000a1c80000, 0x00000000e0000000)
  object space 29184K, 39% used [0x00000000a0000000,0x00000000a0b445c0,0x00000000a1c80000)
 Metaspace       used 28685K, capacity 29276K, committed 29488K, reserved 1075200K
  class space    used 3896K, capacity 4072K, committed 4144K, reserved 1048576K
}
Event: 24.383 GC heap before
{Heap before GC invocations=17 (full 1):
 PSYoungGen      total 48128K, used 43008K [0x00000000e0000000, 0x00000000e4280000, 0x0000000100000000)
  eden space 41472K, 100% used [0x00000000e0000000,0x00000000e2880000,0x00000000e2880000)
  from space 6656K, 23% used [0x00000000e2880000,0x00000000e2a00000,0x00000000e2f00000)
  to   space 6656K, 0% used [0x00000000e3c00000,0x00000000e3c00000,0x00000000e4280000)
 ParOldGen       total 29184K, used 11537K [0x00000000a0000000, 0x00000000a1c80000, 0x00000000e0000000)
  object space 29184K, 39% used [0x00000000a0000000,0x00000000a0b445c0,0x00000000a1c80000)
 Metaspace       used 32863K, capacity 33588K, committed 33968K, reserved 1079296K
  class space    used 4439K, capacity 4663K, committed 4784K, reserved 1048576K
Event: 24.401 GC heap after
Heap after GC invocations=17 (full 1):
 PSYoungGen      total 61440K, used 4809K [0x00000000e0000000, 0x00000000e4400000, 0x0000000100000000)
  eden space 54784K, 0% used [0x00000000e0000000,0x00000000e0000000,0x00000000e3580000)
  from space 6656K, 72% used [0x00000000e3c00000,0x00000000e40b2658,0x00000000e4280000)
  to   space 6656K, 0% used [0x00000000e3580000,0x00000000e3580000,0x00000000e3c00000)
 ParOldGen       total 29184K, used 12349K [0x00000000a0000000, 0x00000000a1c80000, 0x00000000e0000000)
  object space 29184K, 42% used [0x00000000a0000000,0x00000000a0c0f5f0,0x00000000a1c80000)
 Metaspace       used 32863K, capacity 33588K, committed 33968K, reserved 1079296K
  class space    used 4439K, capacity 4663K, committed 4784K, reserved 1048576K
}
Event: 24.955 GC heap before
{Heap before GC invocations=18 (full 1):
 PSYoungGen      total 61440K, used 40788K [0x00000000e0000000, 0x00000000e4400000, 0x0000000100000000)
  eden space 54784K, 65% used [0x00000000e0000000,0x00000000e2322c88,0x00000000e3580000)
  from space 6656K, 72% used [0x00000000e3c00000,0x00000000e40b2658,0x00000000e4280000)
  to   space 6656K, 0% used [0x00000000e3580000,0x00000000e3580000,0x00000000e3c00000)
 ParOldGen       total 29184K, used 12349K [0x00000000a0000000, 0x00000000a1c80000, 0x00000000e0000000)
  object space 29184K, 42% used [0x00000000a0000000,0x00000000a0c0f5f0,0x00000000a1c80000)
 Metaspace       used 34690K, capacity 35352K, committed 35496K, reserved 1079296K
  class space    used 4675K, capacity 4861K, committed 4912K, reserved 1048576K
Event: 24.964 GC heap after
Heap after GC invocations=18 (full 1):
 PSYoungGen      total 61440K, used 3068K [0x00000000e0000000, 0x00000000e5000000, 0x0000000100000000)
  eden space 54784K, 0% used [0x00000000e0000000,0x00000000e0000000,0x00000000e3580000)
  from space 6656K, 46% used [0x00000000e3580000,0x00000000e387f0d0,0x00000000e3c00000)
  to   space 6656K, 0% used [0x00000000e4980000,0x00000000e4980000,0x00000000e5000000)
 ParOldGen       total 29184K, used 13861K [0x00000000a0000000, 0x00000000a1c80000, 0x00000000e0000000)
  object space 29184K, 47% used [0x00000000a0000000,0x00000000a0d895f0,0x00000000a1c80000)
 Metaspace       used 34690K, capacity 35352K, committed 35496K, reserved 1079296K
  class space    used 4675K, capacity 4861K, committed 4912K, reserved 1048576K
}
Event: 24.964 GC heap before
{Heap before GC invocations=19 (full 2):
 PSYoungGen      total 61440K, used 3068K [0x00000000e0000000, 0x00000000e5000000, 0x0000000100000000)
  eden space 54784K, 0% used [0x00000000e0000000,0x00000000e0000000,0x00000000e3580000)
  from space 6656K, 46% used [0x00000000e3580000,0x00000000e387f0d0,0x00000000e3c00000)
  to   space 6656K, 0% used [0x00000000e4980000,0x00000000e4980000,0x00000000e5000000)
 ParOldGen       total 29184K, used 13861K [0x00000000a0000000, 0x00000000a1c80000, 0x00000000e0000000)
  object space 29184K, 47% used [0x00000000a0000000,0x00000000a0d895f0,0x00000000a1c80000)
 Metaspace       used 34690K, capacity 35352K, committed 35496K, reserved 1079296K
  class space    used 4675K, capacity 4861K, committed 4912K, reserved 1048576K
Event: 25.157 GC heap after
Heap after GC invocations=19 (full 2):
 PSYoungGen      total 61440K, used 0K [0x00000000e0000000, 0x00000000e5000000, 0x0000000100000000)
  eden space 54784K, 0% used [0x00000000e0000000,0x00000000e0000000,0x00000000e3580000)
  from space 6656K, 0% used [0x00000000e3580000,0x00000000e3580000,0x00000000e3c00000)
  to   space 6656K, 0% used [0x00000000e4980000,0x00000000e4980000,0x00000000e5000000)
 ParOldGen       total 46080K, used 15880K [0x00000000a0000000, 0x00000000a2d00000, 0x00000000e0000000)
  object space 46080K, 34% used [0x00000000a0000000,0x00000000a0f823b0,0x00000000a2d00000)
 Metaspace       used 34690K, capacity 35352K, committed 35496K, reserved 1079296K
  class space    used 4675K, capacity 4861K, committed 4912K, reserved 1048576K
}
Event: 34.007 GC heap before
{Heap before GC invocations=20 (full 2):
 PSYoungGen      total 61440K, used 54784K [0x00000000e0000000, 0x00000000e5000000, 0x0000000100000000)
  eden space 54784K, 100% used [0x00000000e0000000,0x00000000e3580000,0x00000000e3580000)
  from space 6656K, 0% used [0x00000000e3580000,0x00000000e3580000,0x00000000e3c00000)
  to   space 6656K, 0% used [0x00000000e4980000,0x00000000e4980000,0x00000000e5000000)
 ParOldGen       total 46080K, used 15880K [0x00000000a0000000, 0x00000000a2d00000, 0x00000000e0000000)
  object space 46080K, 34% used [0x00000000a0000000,0x00000000a0f823b0,0x00000000a2d00000)
 Metaspace       used 41377K, capacity 42302K, committed 42416K, reserved 1085440K
  class space    used 5567K, capacity 5795K, committed 5808K, reserved 1048576K
Event: 34.017 GC heap after
Heap after GC invocations=20 (full 2):
 PSYoungGen      total 71680K, used 6631K [0x00000000e0000000, 0x00000000e5000000, 0x0000000100000000)
  eden space 65024K, 0% used [0x00000000e0000000,0x00000000e0000000,0x00000000e3f80000)
  from space 6656K, 99% used [0x00000000e4980000,0x00000000e4ff9fc8,0x00000000e5000000)
  to   space 7680K, 0% used [0x00000000e4100000,0x00000000e4100000,0x00000000e4880000)
 ParOldGen       total 46080K, used 16297K [0x00000000a0000000, 0x00000000a2d00000, 0x00000000e0000000)
  object space 46080K, 35% used [0x00000000a0000000,0x00000000a0fea6a0,0x00000000a2d00000)
 Metaspace       used 41377K, capacity 42302K, committed 42416K, reserved 1085440K
  class space    used 5567K, capacity 5795K, committed 5808K, reserved 1048576K
}

