# JRE version: OpenJDK Runtime Environment (8.0_76-b03) (build 1.8.0_76-release-b03)
# Java VM: OpenJDK 64-Bit Server VM (25.76-b03 mixed mode windows-amd64 compressed oops)
Heap:
 PSYoungGen      total 34816K, used 24920K [0x00000000e0000000, 0x00000000e2900000, 0x0000000100000000)
  eden space 29184K, 68% used [0x00000000e0000000,0x00000000e1399540,0x00000000e1c80000)
  from space 5632K, 86% used [0x00000000e2280000,0x00000000e273cc28,0x00000000e2800000)
  to   space 6144K, 0% used [0x00000000e1c80000,0x00000000e1c80000,0x00000000e2280000)
 ParOldGen       total 38400K, used 7150K [0x00000000a0000000, 0x00000000a2580000, 0x00000000e0000000)
  object space 38400K, 18% used [0x00000000a0000000,0x00000000a06fba48,0x00000000a2580000)
 Metaspace       used 19804K, capacity 20108K, committed 20352K, reserved 1067008K
  class space    used 2547K, capacity 2661K, committed 2688K, reserved 1048576K
GC Heap History (10 events):
Event: 1.186 GC heap before
{Heap before GC invocations=2 (full 0):
 PSYoungGen      total 16896K, used 16891K [0x00000000e0000000, 0x00000000e1280000, 0x0000000100000000)
  eden space 14848K, 100% used [0x00000000e0000000,0x00000000e0e80000,0x00000000e0e80000)
  from space 2048K, 99% used [0x00000000e0e80000,0x00000000e107edb0,0x00000000e1080000)
  to   space 2048K, 0% used [0x00000000e1080000,0x00000000e1080000,0x00000000e1280000)
 ParOldGen       total 38400K, used 882K [0x00000000a0000000, 0x00000000a2580000, 0x00000000e0000000)
  object space 38400K, 2% used [0x00000000a0000000,0x00000000a00dcb50,0x00000000a2580000)
 Metaspace       used 5750K, capacity 6288K, committed 6528K, reserved 1056768K
  class space    used 721K, capacity 800K, committed 896K, reserved 1048576K
Event: 1.191 GC heap after
Heap after GC invocations=2 (full 0):
 PSYoungGen      total 16896K, used 1896K [0x00000000e0000000, 0x00000000e1280000, 0x0000000100000000)
  eden space 14848K, 0% used [0x00000000e0000000,0x00000000e0000000,0x00000000e0e80000)
  from space 2048K, 92% used [0x00000000e1080000,0x00000000e125a370,0x00000000e1280000)
  to   space 2048K, 0% used [0x00000000e0e80000,0x00000000e0e80000,0x00000000e1080000)
 ParOldGen       total 38400K, used 890K [0x00000000a0000000, 0x00000000a2580000, 0x00000000e0000000)
  object space 38400K, 2% used [0x00000000a0000000,0x00000000a00deb50,0x00000000a2580000)
 Metaspace       used 5750K, capacity 6288K, committed 6528K, reserved 1056768K
  class space    used 721K, capacity 800K, committed 896K, reserved 1048576K
}
Event: 2.299 GC heap before
{Heap before GC invocations=3 (full 0):
 PSYoungGen      total 16896K, used 16744K [0x00000000e0000000, 0x00000000e1280000, 0x0000000100000000)
  eden space 14848K, 100% used [0x00000000e0000000,0x00000000e0e80000,0x00000000e0e80000)
  from space 2048K, 92% used [0x00000000e1080000,0x00000000e125a370,0x00000000e1280000)
  to   space 2048K, 0% used [0x00000000e0e80000,0x00000000e0e80000,0x00000000e1080000)
 ParOldGen       total 38400K, used 890K [0x00000000a0000000, 0x00000000a2580000, 0x00000000e0000000)
  object space 38400K, 2% used [0x00000000a0000000,0x00000000a00deb50,0x00000000a2580000)
 Metaspace       used 9477K, capacity 9742K, committed 10112K, reserved 1058816K
  class space    used 1203K, capacity 1293K, committed 1408K, reserved 1048576K
Event: 2.304 GC heap after
Heap after GC invocations=3 (full 0):
 PSYoungGen      total 16896K, used 2016K [0x00000000e0000000, 0x00000000e1280000, 0x0000000100000000)
  eden space 14848K, 0% used [0x00000000e0000000,0x00000000e0000000,0x00000000e0e80000)
  from space 2048K, 98% used [0x00000000e0e80000,0x00000000e1078020,0x00000000e1080000)
  to   space 2048K, 0% used [0x00000000e1080000,0x00000000e1080000,0x00000000e1280000)
 ParOldGen       total 38400K, used 2442K [0x00000000a0000000, 0x00000000a2580000, 0x00000000e0000000)
  object space 38400K, 6% used [0x00000000a0000000,0x00000000a02629f0,0x00000000a2580000)
 Metaspace       used 9477K, capacity 9742K, committed 10112K, reserved 1058816K
  class space    used 1203K, capacity 1293K, committed 1408K, reserved 1048576K
}
Event: 2.642 GC heap before
{Heap before GC invocations=4 (full 0):
 PSYoungGen      total 16896K, used 16864K [0x00000000e0000000, 0x00000000e1280000, 0x0000000100000000)
  eden space 14848K, 100% used [0x00000000e0000000,0x00000000e0e80000,0x00000000e0e80000)
  from space 2048K, 98% used [0x00000000e0e80000,0x00000000e1078020,0x00000000e1080000)
  to   space 2048K, 0% used [0x00000000e1080000,0x00000000e1080000,0x00000000e1280000)
 ParOldGen       total 38400K, used 2442K [0x00000000a0000000, 0x00000000a2580000, 0x00000000e0000000)
  object space 38400K, 6% used [0x00000000a0000000,0x00000000a02629f0,0x00000000a2580000)
 Metaspace       used 11875K, capacity 12260K, committed 12544K, reserved 1060864K
  class space    used 1568K, capacity 1718K, committed 1792K, reserved 1048576K
Event: 2.648 GC heap after
Heap after GC invocations=4 (full 0):
 PSYoungGen      total 16896K, used 2048K [0x00000000e0000000, 0x00000000e1280000, 0x0000000100000000)
  eden space 14848K, 0% used [0x00000000e0000000,0x00000000e0000000,0x00000000e0e80000)
  from space 2048K, 100% used [0x00000000e1080000,0x00000000e1280000,0x00000000e1280000)
  to   space 2048K, 0% used [0x00000000e0e80000,0x00000000e0e80000,0x00000000e1080000)
 ParOldGen       total 38400K, used 4093K [0x00000000a0000000, 0x00000000a2580000, 0x00000000e0000000)
  object space 38400K, 10% used [0x00000000a0000000,0x00000000a03ff610,0x00000000a2580000)
 Metaspace       used 11875K, capacity 12260K, committed 12544K, reserved 1060864K
  class space    used 1568K, capacity 1718K, committed 1792K, reserved 1048576K
}
Event: 2.968 GC heap before
{Heap before GC invocations=5 (full 0):
 PSYoungGen      total 16896K, used 16896K [0x00000000e0000000, 0x00000000e1280000, 0x0000000100000000)
  eden space 14848K, 100% used [0x00000000e0000000,0x00000000e0e80000,0x00000000e0e80000)
  from space 2048K, 100% used [0x00000000e1080000,0x00000000e1280000,0x00000000e1280000)
  to   space 2048K, 0% used [0x00000000e0e80000,0x00000000e0e80000,0x00000000e1080000)
 ParOldGen       total 38400K, used 4093K [0x00000000a0000000, 0x00000000a2580000, 0x00000000e0000000)
  object space 38400K, 10% used [0x00000000a0000000,0x00000000a03ff610,0x00000000a2580000)
 Metaspace       used 14745K, capacity 15076K, committed 15104K, reserved 1062912K
  class space    used 1902K, capacity 2038K, committed 2048K, reserved 1048576K
Event: 2.975 GC heap after
Heap after GC invocations=5 (full 0):
 PSYoungGen      total 16896K, used 2032K [0x00000000e0000000, 0x00000000e2800000, 0x0000000100000000)
  eden space 14848K, 0% used [0x00000000e0000000,0x00000000e0000000,0x00000000e0e80000)
  from space 2048K, 99% used [0x00000000e0e80000,0x00000000e107c010,0x00000000e1080000)
  to   space 5632K, 0% used [0x00000000e2280000,0x00000000e2280000,0x00000000e2800000)
 ParOldGen       total 38400K, used 7142K [0x00000000a0000000, 0x00000000a2580000, 0x00000000e0000000)
  object space 38400K, 18% used [0x00000000a0000000,0x00000000a06f9a48,0x00000000a2580000)
 Metaspace       used 14745K, capacity 15076K, committed 15104K, reserved 1062912K
  class space    used 1902K, capacity 2038K, committed 2048K, reserved 1048576K
}
Event: 3.285 GC heap before
{Heap before GC invocations=6 (full 0):
 PSYoungGen      total 16896K, used 16880K [0x00000000e0000000, 0x00000000e2800000, 0x0000000100000000)
  eden space 14848K, 100% used [0x00000000e0000000,0x00000000e0e80000,0x00000000e0e80000)
  from space 2048K, 99% used [0x00000000e0e80000,0x00000000e107c010,0x00000000e1080000)
  to   space 5632K, 0% used [0x00000000e2280000,0x00000000e2280000,0x00000000e2800000)
 ParOldGen       total 38400K, used 7142K [0x00000000a0000000, 0x00000000a2580000, 0x00000000e0000000)
  object space 38400K, 18% used [0x00000000a0000000,0x00000000a06f9a48,0x00000000a2580000)
 Metaspace       used 17620K, capacity 18020K, committed 18176K, reserved 1064960K
  class space    used 2335K, capacity 2486K, committed 2560K, reserved 1048576K
Event: 3.295 GC heap after
Heap after GC invocations=6 (full 0):
 PSYoungGen      total 34816K, used 4851K [0x00000000e0000000, 0x00000000e2900000, 0x0000000100000000)
  eden space 29184K, 0% used [0x00000000e0000000,0x00000000e0000000,0x00000000e1c80000)
  from space 5632K, 86% used [0x00000000e2280000,0x00000000e273cc28,0x00000000e2800000)
  to   space 6144K, 0% used [0x00000000e1c80000,0x00000000e1c80000,0x00000000e2280000)
 ParOldGen       total 38400K, used 7150K [0x00000000a0000000, 0x00000000a2580000, 0x00000000e0000000)
  object space 38400K, 18% used [0x00000000a0000000,0x00000000a06fba48,0x00000000a2580000)
 Metaspace       used 17620K, capacity 18020K, committed 18176K, reserved 1064960K
  class space    used 2335K, capacity 2486K, committed 2560K, reserved 1048576K
}

