# JRE version: OpenJDK Runtime Environment (8.0_76-b03) (build 1.8.0_76-release-b03)
# Java VM: OpenJDK 64-Bit Server VM (25.76-b03 mixed mode windows-amd64 compressed oops)
Heap:
 PSYoungGen      total 89088K, used 53134K [0x00000000e0000000, 0x00000000e6080000, 0x0000000100000000)
  eden space 81408K, 57% used [0x00000000e0000000,0x00000000e2e11268,0x00000000e4f80000)
  from space 7680K, 77% used [0x00000000e5900000,0x00000000e5ed28c0,0x00000000e6080000)
  to   space 8704K, 0% used [0x00000000e4f80000,0x00000000e4f80000,0x00000000e5800000)
 ParOldGen       total 30208K, used 7904K [0x00000000a0000000, 0x00000000a1d80000, 0x00000000e0000000)
  object space 30208K, 26% used [0x00000000a0000000,0x00000000a07b8338,0x00000000a1d80000)
 Metaspace       used 28759K, capacity 29376K, committed 29744K, reserved 1075200K
  class space    used 3903K, capacity 4076K, committed 4144K, reserved 1048576K
GC Heap History (10 events):
Event: 15.802 GC heap before
{Heap before GC invocations=7 (full 0):
 PSYoungGen      total 34816K, used 34171K [0x00000000e0000000, 0x00000000e2900000, 0x0000000100000000)
  eden space 29184K, 100% used [0x00000000e0000000,0x00000000e1c80000,0x00000000e1c80000)
  from space 5632K, 88% used [0x00000000e2280000,0x00000000e275eea0,0x00000000e2800000)
  to   space 6144K, 0% used [0x00000000e1c80000,0x00000000e1c80000,0x00000000e2280000)
 ParOldGen       total 38400K, used 6954K [0x00000000a0000000, 0x00000000a2580000, 0x00000000e0000000)
  object space 38400K, 18% used [0x00000000a0000000,0x00000000a06caa20,0x00000000a2580000)
 Metaspace       used 20648K, capacity 21148K, committed 21248K, reserved 1067008K
  class space    used 2672K, capacity 2798K, committed 2816K, reserved 1048576K
Event: 15.831 GC heap after
Heap after GC invocations=7 (full 0):
 PSYoungGen      total 35328K, used 6127K [0x00000000e0000000, 0x00000000e4800000, 0x0000000100000000)
  eden space 29184K, 0% used [0x00000000e0000000,0x00000000e0000000,0x00000000e1c80000)
  from space 6144K, 99% used [0x00000000e1c80000,0x00000000e227bfe8,0x00000000e2280000)
  to   space 7680K, 0% used [0x00000000e4080000,0x00000000e4080000,0x00000000e4800000)
 ParOldGen       total 38400K, used 8198K [0x00000000a0000000, 0x00000000a2580000, 0x00000000e0000000)
  object space 38400K, 21% used [0x00000000a0000000,0x00000000a0801870,0x00000000a2580000)
 Metaspace       used 20648K, capacity 21148K, committed 21248K, reserved 1067008K
  class space    used 2672K, capacity 2798K, committed 2816K, reserved 1048576K
}
Event: 15.970 GC heap before
{Heap before GC invocations=8 (full 0):
 PSYoungGen      total 35328K, used 7780K [0x00000000e0000000, 0x00000000e4800000, 0x0000000100000000)
  eden space 29184K, 5% used [0x00000000e0000000,0x00000000e019d198,0x00000000e1c80000)
  from space 6144K, 99% used [0x00000000e1c80000,0x00000000e227bfe8,0x00000000e2280000)
  to   space 7680K, 0% used [0x00000000e4080000,0x00000000e4080000,0x00000000e4800000)
 ParOldGen       total 38400K, used 8198K [0x00000000a0000000, 0x00000000a2580000, 0x00000000e0000000)
  object space 38400K, 21% used [0x00000000a0000000,0x00000000a0801870,0x00000000a2580000)
 Metaspace       used 20790K, capacity 21244K, committed 21296K, reserved 1067008K
  class space    used 2701K, capacity 2830K, committed 2864K, reserved 1048576K
Event: 15.982 GC heap after
Heap after GC invocations=8 (full 0):
 PSYoungGen      total 66048K, used 4517K [0x00000000e0000000, 0x00000000e4800000, 0x0000000100000000)
  eden space 58368K, 0% used [0x00000000e0000000,0x00000000e0000000,0x00000000e3900000)
  from space 7680K, 58% used [0x00000000e4080000,0x00000000e44e9578,0x00000000e4800000)
  to   space 7680K, 0% used [0x00000000e3900000,0x00000000e3900000,0x00000000e4080000)
 ParOldGen       total 38400K, used 9010K [0x00000000a0000000, 0x00000000a2580000, 0x00000000e0000000)
  object space 38400K, 23% used [0x00000000a0000000,0x00000000a08cc8f8,0x00000000a2580000)
 Metaspace       used 20790K, capacity 21244K, committed 21296K, reserved 1067008K
  class space    used 2701K, capacity 2830K, committed 2864K, reserved 1048576K
}
Event: 15.982 GC heap before
{Heap before GC invocations=9 (full 1):
 PSYoungGen      total 66048K, used 4517K [0x00000000e0000000, 0x00000000e4800000, 0x0000000100000000)
  eden space 58368K, 0% used [0x00000000e0000000,0x00000000e0000000,0x00000000e3900000)
  from space 7680K, 58% used [0x00000000e4080000,0x00000000e44e9578,0x00000000e4800000)
  to   space 7680K, 0% used [0x00000000e3900000,0x00000000e3900000,0x00000000e4080000)
 ParOldGen       total 38400K, used 9010K [0x00000000a0000000, 0x00000000a2580000, 0x00000000e0000000)
  object space 38400K, 23% used [0x00000000a0000000,0x00000000a08cc8f8,0x00000000a2580000)
 Metaspace       used 20790K, capacity 21244K, committed 21296K, reserved 1067008K
  class space    used 2701K, capacity 2830K, committed 2864K, reserved 1048576K
Event: 16.136 GC heap after
Heap after GC invocations=9 (full 1):
 PSYoungGen      total 66048K, used 0K [0x00000000e0000000, 0x00000000e4800000, 0x0000000100000000)
  eden space 58368K, 0% used [0x00000000e0000000,0x00000000e0000000,0x00000000e3900000)
  from space 7680K, 0% used [0x00000000e4080000,0x00000000e4080000,0x00000000e4800000)
  to   space 7680K, 0% used [0x00000000e3900000,0x00000000e3900000,0x00000000e4080000)
 ParOldGen       total 30208K, used 7888K [0x00000000a0000000, 0x00000000a1d80000, 0x00000000e0000000)
  object space 30208K, 26% used [0x00000000a0000000,0x00000000a07b4338,0x00000000a1d80000)
 Metaspace       used 20790K, capacity 21244K, committed 21296K, reserved 1067008K
  class space    used 2701K, capacity 2830K, committed 2864K, reserved 1048576K
}
Event: 22.738 GC heap before
{Heap before GC invocations=10 (full 1):
 PSYoungGen      total 66048K, used 58368K [0x00000000e0000000, 0x00000000e4800000, 0x0000000100000000)
  eden space 58368K, 100% used [0x00000000e0000000,0x00000000e3900000,0x00000000e3900000)
  from space 7680K, 0% used [0x00000000e4080000,0x00000000e4080000,0x00000000e4800000)
  to   space 7680K, 0% used [0x00000000e3900000,0x00000000e3900000,0x00000000e4080000)
 ParOldGen       total 30208K, used 7888K [0x00000000a0000000, 0x00000000a1d80000, 0x00000000e0000000)
  object space 30208K, 26% used [0x00000000a0000000,0x00000000a07b4338,0x00000000a1d80000)
 Metaspace       used 25544K, capacity 26166K, committed 26544K, reserved 1073152K
  class space    used 3493K, capacity 3653K, committed 3760K, reserved 1048576K
Event: 22.757 GC heap after
Heap after GC invocations=10 (full 1):
 PSYoungGen      total 66048K, used 7179K [0x00000000e0000000, 0x00000000e6100000, 0x0000000100000000)
  eden space 58368K, 0% used [0x00000000e0000000,0x00000000e0000000,0x00000000e3900000)
  from space 7680K, 93% used [0x00000000e3900000,0x00000000e4002fe8,0x00000000e4080000)
  to   space 8192K, 0% used [0x00000000e5900000,0x00000000e5900000,0x00000000e6100000)
 ParOldGen       total 30208K, used 7896K [0x00000000a0000000, 0x00000000a1d80000, 0x00000000e0000000)
  object space 30208K, 26% used [0x00000000a0000000,0x00000000a07b6338,0x00000000a1d80000)
 Metaspace       used 25544K, capacity 26166K, committed 26544K, reserved 1073152K
  class space    used 3493K, capacity 3653K, committed 3760K, reserved 1048576K
}
Event: 30.007 GC heap before
{Heap before GC invocations=11 (full 1):
 PSYoungGen      total 66048K, used 65547K [0x00000000e0000000, 0x00000000e6100000, 0x0000000100000000)
  eden space 58368K, 100% used [0x00000000e0000000,0x00000000e3900000,0x00000000e3900000)
  from space 7680K, 93% used [0x00000000e3900000,0x00000000e4002fe8,0x00000000e4080000)
  to   space 8192K, 0% used [0x00000000e5900000,0x00000000e5900000,0x00000000e6100000)
 ParOldGen       total 30208K, used 7896K [0x00000000a0000000, 0x00000000a1d80000, 0x00000000e0000000)
  object space 30208K, 26% used [0x00000000a0000000,0x00000000a07b6338,0x00000000a1d80000)
 Metaspace       used 28223K, capacity 28814K, committed 29232K, reserved 1075200K
  class space    used 3862K, capacity 4041K, committed 4144K, reserved 1048576K
Event: 30.037 GC heap after
Heap after GC invocations=11 (full 1):
 PSYoungGen      total 89088K, used 5962K [0x00000000e0000000, 0x00000000e6080000, 0x0000000100000000)
  eden space 81408K, 0% used [0x00000000e0000000,0x00000000e0000000,0x00000000e4f80000)
  from space 7680K, 77% used [0x00000000e5900000,0x00000000e5ed28c0,0x00000000e6080000)
  to   space 8704K, 0% used [0x00000000e4f80000,0x00000000e4f80000,0x00000000e5800000)
 ParOldGen       total 30208K, used 7904K [0x00000000a0000000, 0x00000000a1d80000, 0x00000000e0000000)
  object space 30208K, 26% used [0x00000000a0000000,0x00000000a07b8338,0x00000000a1d80000)
 Metaspace       used 28223K, capacity 28814K, committed 29232K, reserved 1075200K
  class space    used 3862K, capacity 4041K, committed 4144K, reserved 1048576K
}

