# JRE version: OpenJDK Runtime Environment (8.0_76-b03) (build 1.8.0_76-release-b03)
# Java VM: OpenJDK 64-Bit Server VM (25.76-b03 mixed mode windows-amd64 compressed oops)
Heap:
 PSYoungGen      total 85504K, used 53631K [0x00000000e0000000, 0x00000000e7100000, 0x0000000100000000)
  eden space 60928K, 48% used [0x00000000e0000000,0x00000000e1d17138,0x00000000e3b80000)
  from space 24576K, 97% used [0x00000000e5900000,0x00000000e7048d00,0x00000000e7100000)
  to   space 23040K, 0% used [0x00000000e3b80000,0x00000000e3b80000,0x00000000e5200000)
 ParOldGen       total 56320K, used 29367K [0x00000000a0000000, 0x00000000a3700000, 0x00000000e0000000)
  object space 56320K, 52% used [0x00000000a0000000,0x00000000a1cadc80,0x00000000a3700000)
 Metaspace       used 52785K, capacity 54092K, committed 54320K, reserved 1095680K
  class space    used 6885K, capacity 7186K, committed 7216K, reserved 1048576K
GC Heap History (10 events):
Event: 194.514 GC heap before
{Heap before GC invocations=30 (full 2):
 PSYoungGen      total 69632K, used 69615K [0x00000000e0000000, 0x00000000e5780000, 0x0000000100000000)
  eden space 58880K, 100% used [0x00000000e0000000,0x00000000e3980000,0x00000000e3980000)
  from space 10752K, 99% used [0x00000000e3980000,0x00000000e43fbc20,0x00000000e4400000)
  to   space 12800K, 0% used [0x00000000e4b00000,0x00000000e4b00000,0x00000000e5780000)
 ParOldGen       total 56320K, used 16154K [0x00000000a0000000, 0x00000000a3700000, 0x00000000e0000000)
  object space 56320K, 28% used [0x00000000a0000000,0x00000000a0fc68e8,0x00000000a3700000)
 Metaspace       used 48158K, capacity 49442K, committed 49584K, reserved 1091584K
  class space    used 6394K, capacity 6717K, committed 6832K, reserved 1048576K
Event: 194.572 GC heap after
Heap after GC invocations=30 (full 2):
 PSYoungGen      total 73728K, used 12771K [0x00000000e0000000, 0x00000000e5c80000, 0x0000000100000000)
  eden space 60928K, 0% used [0x00000000e0000000,0x00000000e0000000,0x00000000e3b80000)
  from space 12800K, 99% used [0x00000000e4b00000,0x00000000e5778df8,0x00000000e5780000)
  to   space 15872K, 0% used [0x00000000e3b80000,0x00000000e3b80000,0x00000000e4b00000)
 ParOldGen       total 56320K, used 20560K [0x00000000a0000000, 0x00000000a3700000, 0x00000000e0000000)
  object space 56320K, 36% used [0x00000000a0000000,0x00000000a14140c0,0x00000000a3700000)
 Metaspace       used 48158K, capacity 49442K, committed 49584K, reserved 1091584K
  class space    used 6394K, capacity 6717K, committed 6832K, reserved 1048576K
}
Event: 201.549 GC heap before
{Heap before GC invocations=31 (full 2):
 PSYoungGen      total 73728K, used 73699K [0x00000000e0000000, 0x00000000e5c80000, 0x0000000100000000)
  eden space 60928K, 100% used [0x00000000e0000000,0x00000000e3b80000,0x00000000e3b80000)
  from space 12800K, 99% used [0x00000000e4b00000,0x00000000e5778df8,0x00000000e5780000)
  to   space 15872K, 0% used [0x00000000e3b80000,0x00000000e3b80000,0x00000000e4b00000)
 ParOldGen       total 56320K, used 20560K [0x00000000a0000000, 0x00000000a3700000, 0x00000000e0000000)
  object space 56320K, 36% used [0x00000000a0000000,0x00000000a14140c0,0x00000000a3700000)
 Metaspace       used 50402K, capacity 51688K, committed 51760K, reserved 1093632K
  class space    used 6637K, capacity 6948K, committed 6960K, reserved 1048576K
Event: 201.610 GC heap after
Heap after GC invocations=31 (full 2):
 PSYoungGen      total 76800K, used 15855K [0x00000000e0000000, 0x00000000e6480000, 0x0000000100000000)
  eden space 60928K, 0% used [0x00000000e0000000,0x00000000e0000000,0x00000000e3b80000)
  from space 15872K, 99% used [0x00000000e3b80000,0x00000000e4afbc20,0x00000000e4b00000)
  to   space 18944K, 0% used [0x00000000e5200000,0x00000000e5200000,0x00000000e6480000)
 ParOldGen       total 56320K, used 23124K [0x00000000a0000000, 0x00000000a3700000, 0x00000000e0000000)
  object space 56320K, 41% used [0x00000000a0000000,0x00000000a16953b8,0x00000000a3700000)
 Metaspace       used 50402K, capacity 51688K, committed 51760K, reserved 1093632K
  class space    used 6637K, capacity 6948K, committed 6960K, reserved 1048576K
}
Event: 205.642 GC heap before
{Heap before GC invocations=32 (full 2):
 PSYoungGen      total 76800K, used 76783K [0x00000000e0000000, 0x00000000e6480000, 0x0000000100000000)
  eden space 60928K, 100% used [0x00000000e0000000,0x00000000e3b80000,0x00000000e3b80000)
  from space 15872K, 99% used [0x00000000e3b80000,0x00000000e4afbc20,0x00000000e4b00000)
  to   space 18944K, 0% used [0x00000000e5200000,0x00000000e5200000,0x00000000e6480000)
 ParOldGen       total 56320K, used 23124K [0x00000000a0000000, 0x00000000a3700000, 0x00000000e0000000)
  object space 56320K, 41% used [0x00000000a0000000,0x00000000a16953b8,0x00000000a3700000)
 Metaspace       used 50979K, capacity 52202K, committed 52400K, reserved 1095680K
  class space    used 6688K, capacity 6985K, committed 7088K, reserved 1048576K
Event: 205.742 GC heap after
Heap after GC invocations=32 (full 2):
 PSYoungGen      total 79872K, used 18934K [0x00000000e0000000, 0x00000000e6e00000, 0x0000000100000000)
  eden space 60928K, 0% used [0x00000000e0000000,0x00000000e0000000,0x00000000e3b80000)
  from space 18944K, 99% used [0x00000000e5200000,0x00000000e647db90,0x00000000e6480000)
  to   space 23040K, 0% used [0x00000000e3b80000,0x00000000e3b80000,0x00000000e5200000)
 ParOldGen       total 56320K, used 26460K [0x00000000a0000000, 0x00000000a3700000, 0x00000000e0000000)
  object space 56320K, 46% used [0x00000000a0000000,0x00000000a19d7378,0x00000000a3700000)
 Metaspace       used 50979K, capacity 52202K, committed 52400K, reserved 1095680K
  class space    used 6688K, capacity 6985K, committed 7088K, reserved 1048576K
}
Event: 211.587 GC heap before
{Heap before GC invocations=33 (full 2):
 PSYoungGen      total 79872K, used 79862K [0x00000000e0000000, 0x00000000e6e00000, 0x0000000100000000)
  eden space 60928K, 100% used [0x00000000e0000000,0x00000000e3b80000,0x00000000e3b80000)
  from space 18944K, 99% used [0x00000000e5200000,0x00000000e647db90,0x00000000e6480000)
  to   space 23040K, 0% used [0x00000000e3b80000,0x00000000e3b80000,0x00000000e5200000)
 ParOldGen       total 56320K, used 26460K [0x00000000a0000000, 0x00000000a3700000, 0x00000000e0000000)
  object space 56320K, 46% used [0x00000000a0000000,0x00000000a19d7378,0x00000000a3700000)
 Metaspace       used 51169K, capacity 52394K, committed 52656K, reserved 1095680K
  class space    used 6696K, capacity 6985K, committed 7088K, reserved 1048576K
Event: 211.668 GC heap after
Heap after GC invocations=33 (full 2):
 PSYoungGen      total 83968K, used 17951K [0x00000000e0000000, 0x00000000e7100000, 0x0000000100000000)
  eden space 60928K, 0% used [0x00000000e0000000,0x00000000e0000000,0x00000000e3b80000)
  from space 23040K, 77% used [0x00000000e3b80000,0x00000000e4d07fd0,0x00000000e5200000)
  to   space 24576K, 0% used [0x00000000e5900000,0x00000000e5900000,0x00000000e7100000)
 ParOldGen       total 56320K, used 29359K [0x00000000a0000000, 0x00000000a3700000, 0x00000000e0000000)
  object space 56320K, 52% used [0x00000000a0000000,0x00000000a1cabc80,0x00000000a3700000)
 Metaspace       used 51169K, capacity 52394K, committed 52656K, reserved 1095680K
  class space    used 6696K, capacity 6985K, committed 7088K, reserved 1048576K
}
Event: 221.823 GC heap before
{Heap before GC invocations=34 (full 2):
 PSYoungGen      total 83968K, used 78879K [0x00000000e0000000, 0x00000000e7100000, 0x0000000100000000)
  eden space 60928K, 100% used [0x00000000e0000000,0x00000000e3b80000,0x00000000e3b80000)
  from space 23040K, 77% used [0x00000000e3b80000,0x00000000e4d07fd0,0x00000000e5200000)
  to   space 24576K, 0% used [0x00000000e5900000,0x00000000e5900000,0x00000000e7100000)
 ParOldGen       total 56320K, used 29359K [0x00000000a0000000, 0x00000000a3700000, 0x00000000e0000000)
  object space 56320K, 52% used [0x00000000a0000000,0x00000000a1cabc80,0x00000000a3700000)
 Metaspace       used 52739K, capacity 54028K, committed 54320K, reserved 1095680K
  class space    used 6883K, capacity 7186K, committed 7216K, reserved 1048576K
Event: 221.928 GC heap after
Heap after GC invocations=34 (full 2):
 PSYoungGen      total 85504K, used 23843K [0x00000000e0000000, 0x00000000e7100000, 0x0000000100000000)
  eden space 60928K, 0% used [0x00000000e0000000,0x00000000e0000000,0x00000000e3b80000)
  from space 24576K, 97% used [0x00000000e5900000,0x00000000e7048d00,0x00000000e7100000)
  to   space 23040K, 0% used [0x00000000e3b80000,0x00000000e3b80000,0x00000000e5200000)
 ParOldGen       total 56320K, used 29367K [0x00000000a0000000, 0x00000000a3700000, 0x00000000e0000000)
  object space 56320K, 52% used [0x00000000a0000000,0x00000000a1cadc80,0x00000000a3700000)
 Metaspace       used 52739K, capacity 54028K, committed 54320K, reserved 1095680K
  class space    used 6883K, capacity 7186K, committed 7216K, reserved 1048576K
}

