# JRE version: OpenJDK Runtime Environment (8.0_76-b03) (build 1.8.0_76-release-b03)
# Java VM: OpenJDK 64-Bit Server VM (25.76-b03 mixed mode windows-amd64 compressed oops)
Heap:
 PSYoungGen      total 49152K, used 39864K [0x00000000e0000000, 0x00000000e3780000, 0x0000000100000000)
  eden space 42496K, 90% used [0x00000000e0000000,0x00000000e259e308,0x00000000e2980000)
  from space 6656K, 20% used [0x00000000e3100000,0x00000000e3250000,0x00000000e3780000)
  to   space 7168K, 0% used [0x00000000e2980000,0x00000000e2980000,0x00000000e3080000)
 ParOldGen       total 30720K, used 13004K [0x00000000a0000000, 0x00000000a1e00000, 0x00000000e0000000)
  object space 30720K, 42% used [0x00000000a0000000,0x00000000a0cb3188,0x00000000a1e00000)
 Metaspace       used 31385K, capacity 32136K, committed 32432K, reserved 1077248K
  class space    used 4243K, capacity 4433K, committed 4528K, reserved 1048576K
GC Heap History (10 events):
Event: 5.159 GC heap before
{Heap before GC invocations=9 (full 1):
 PSYoungGen      total 34816K, used 4534K [0x00000000e0000000, 0x00000000e2900000, 0x0000000100000000)
  eden space 29184K, 0% used [0x00000000e0000000,0x00000000e0000000,0x00000000e1c80000)
  from space 5632K, 80% used [0x00000000e2280000,0x00000000e26ed858,0x00000000e2800000)
  to   space 6144K, 0% used [0x00000000e1c80000,0x00000000e1c80000,0x00000000e2280000)
 ParOldGen       total 38400K, used 9218K [0x00000000a0000000, 0x00000000a2580000, 0x00000000e0000000)
  object space 38400K, 24% used [0x00000000a0000000,0x00000000a0900b70,0x00000000a2580000)
 Metaspace       used 20805K, capacity 21252K, committed 21296K, reserved 1067008K
  class space    used 2707K, capacity 2858K, committed 2864K, reserved 1048576K
Event: 5.274 GC heap after
Heap after GC invocations=9 (full 1):
 PSYoungGen      total 34816K, used 0K [0x00000000e0000000, 0x00000000e2900000, 0x0000000100000000)
  eden space 29184K, 0% used [0x00000000e0000000,0x00000000e0000000,0x00000000e1c80000)
  from space 5632K, 0% used [0x00000000e2280000,0x00000000e2280000,0x00000000e2800000)
  to   space 6144K, 0% used [0x00000000e1c80000,0x00000000e1c80000,0x00000000e2280000)
 ParOldGen       total 30720K, used 9754K [0x00000000a0000000, 0x00000000a1e00000, 0x00000000e0000000)
  object space 30720K, 31% used [0x00000000a0000000,0x00000000a0986b60,0x00000000a1e00000)
 Metaspace       used 20805K, capacity 21252K, committed 21296K, reserved 1067008K
  class space    used 2707K, capacity 2858K, committed 2864K, reserved 1048576K
}
Event: 6.187 GC heap before
{Heap before GC invocations=10 (full 1):
 PSYoungGen      total 34816K, used 29184K [0x00000000e0000000, 0x00000000e2900000, 0x0000000100000000)
  eden space 29184K, 100% used [0x00000000e0000000,0x00000000e1c80000,0x00000000e1c80000)
  from space 5632K, 0% used [0x00000000e2280000,0x00000000e2280000,0x00000000e2800000)
  to   space 6144K, 0% used [0x00000000e1c80000,0x00000000e1c80000,0x00000000e2280000)
 ParOldGen       total 30720K, used 9754K [0x00000000a0000000, 0x00000000a1e00000, 0x00000000e0000000)
  object space 30720K, 31% used [0x00000000a0000000,0x00000000a0986b60,0x00000000a1e00000)
 Metaspace       used 23275K, capacity 23812K, committed 24112K, reserved 1071104K
  class space    used 3109K, capacity 3281K, committed 3376K, reserved 1048576K
Event: 6.195 GC heap after
Heap after GC invocations=10 (full 1):
 PSYoungGen      total 35328K, used 4188K [0x00000000e0000000, 0x00000000e3800000, 0x0000000100000000)
  eden space 29184K, 0% used [0x00000000e0000000,0x00000000e0000000,0x00000000e1c80000)
  from space 6144K, 68% used [0x00000000e1c80000,0x00000000e20972e0,0x00000000e2280000)
  to   space 7168K, 0% used [0x00000000e3100000,0x00000000e3100000,0x00000000e3800000)
 ParOldGen       total 30720K, used 9762K [0x00000000a0000000, 0x00000000a1e00000, 0x00000000e0000000)
  object space 30720K, 31% used [0x00000000a0000000,0x00000000a0988b60,0x00000000a1e00000)
 Metaspace       used 23275K, capacity 23812K, committed 24112K, reserved 1071104K
  class space    used 3109K, capacity 3281K, committed 3376K, reserved 1048576K
}
Event: 6.912 GC heap before
{Heap before GC invocations=11 (full 1):
 PSYoungGen      total 35328K, used 33372K [0x00000000e0000000, 0x00000000e3800000, 0x0000000100000000)
  eden space 29184K, 100% used [0x00000000e0000000,0x00000000e1c80000,0x00000000e1c80000)
  from space 6144K, 68% used [0x00000000e1c80000,0x00000000e20972e0,0x00000000e2280000)
  to   space 7168K, 0% used [0x00000000e3100000,0x00000000e3100000,0x00000000e3800000)
 ParOldGen       total 30720K, used 9762K [0x00000000a0000000, 0x00000000a1e00000, 0x00000000e0000000)
  object space 30720K, 31% used [0x00000000a0000000,0x00000000a0988b60,0x00000000a1e00000)
 Metaspace       used 25548K, capacity 26078K, committed 26288K, reserved 1071104K
  class space    used 3492K, capacity 3649K, committed 3760K, reserved 1048576K
Event: 6.923 GC heap after
Heap after GC invocations=11 (full 1):
 PSYoungGen      total 49152K, used 4749K [0x00000000e0000000, 0x00000000e3780000, 0x0000000100000000)
  eden space 42496K, 0% used [0x00000000e0000000,0x00000000e0000000,0x00000000e2980000)
  from space 6656K, 71% used [0x00000000e3100000,0x00000000e35a3678,0x00000000e3780000)
  to   space 7168K, 0% used [0x00000000e2980000,0x00000000e2980000,0x00000000e3080000)
 ParOldGen       total 30720K, used 9770K [0x00000000a0000000, 0x00000000a1e00000, 0x00000000e0000000)
  object space 30720K, 31% used [0x00000000a0000000,0x00000000a098ab60,0x00000000a1e00000)
 Metaspace       used 25548K, capacity 26078K, committed 26288K, reserved 1071104K
  class space    used 3492K, capacity 3649K, committed 3760K, reserved 1048576K
}
Event: 8.218 GC heap before
{Heap before GC invocations=12 (full 1):
 PSYoungGen      total 49152K, used 47245K [0x00000000e0000000, 0x00000000e3780000, 0x0000000100000000)
  eden space 42496K, 100% used [0x00000000e0000000,0x00000000e2980000,0x00000000e2980000)
  from space 6656K, 71% used [0x00000000e3100000,0x00000000e35a3678,0x00000000e3780000)
  to   space 7168K, 0% used [0x00000000e2980000,0x00000000e2980000,0x00000000e3080000)
 ParOldGen       total 30720K, used 9770K [0x00000000a0000000, 0x00000000a1e00000, 0x00000000e0000000)
  object space 30720K, 31% used [0x00000000a0000000,0x00000000a098ab60,0x00000000a1e00000)
 Metaspace       used 28097K, capacity 28662K, committed 28976K, reserved 1075200K
  class space    used 3860K, capacity 4037K, committed 4144K, reserved 1048576K
Event: 8.230 GC heap after
Heap after GC invocations=12 (full 1):
 PSYoungGen      total 49664K, used 2956K [0x00000000e0000000, 0x00000000e3780000, 0x0000000100000000)
  eden space 42496K, 0% used [0x00000000e0000000,0x00000000e0000000,0x00000000e2980000)
  from space 7168K, 41% used [0x00000000e2980000,0x00000000e2c63190,0x00000000e3080000)
  to   space 6656K, 0% used [0x00000000e3100000,0x00000000e3100000,0x00000000e3780000)
 ParOldGen       total 30720K, used 12396K [0x00000000a0000000, 0x00000000a1e00000, 0x00000000e0000000)
  object space 30720K, 40% used [0x00000000a0000000,0x00000000a0c1b160,0x00000000a1e00000)
 Metaspace       used 28097K, capacity 28662K, committed 28976K, reserved 1075200K
  class space    used 3860K, capacity 4037K, committed 4144K, reserved 1048576K
}
Event: 9.826 GC heap before
{Heap before GC invocations=13 (full 1):
 PSYoungGen      total 49664K, used 45452K [0x00000000e0000000, 0x00000000e3780000, 0x0000000100000000)
  eden space 42496K, 100% used [0x00000000e0000000,0x00000000e2980000,0x00000000e2980000)
  from space 7168K, 41% used [0x00000000e2980000,0x00000000e2c63190,0x00000000e3080000)
  to   space 6656K, 0% used [0x00000000e3100000,0x00000000e3100000,0x00000000e3780000)
 ParOldGen       total 30720K, used 12396K [0x00000000a0000000, 0x00000000a1e00000, 0x00000000e0000000)
  object space 30720K, 40% used [0x00000000a0000000,0x00000000a0c1b160,0x00000000a1e00000)
 Metaspace       used 28361K, capacity 28982K, committed 29232K, reserved 1075200K
  class space    used 3862K, capacity 4037K, committed 4144K, reserved 1048576K
Event: 9.830 GC heap after
Heap after GC invocations=13 (full 1):
 PSYoungGen      total 49152K, used 1344K [0x00000000e0000000, 0x00000000e3780000, 0x0000000100000000)
  eden space 42496K, 0% used [0x00000000e0000000,0x00000000e0000000,0x00000000e2980000)
  from space 6656K, 20% used [0x00000000e3100000,0x00000000e3250000,0x00000000e3780000)
  to   space 7168K, 0% used [0x00000000e2980000,0x00000000e2980000,0x00000000e3080000)
 ParOldGen       total 30720K, used 13004K [0x00000000a0000000, 0x00000000a1e00000, 0x00000000e0000000)
  object space 30720K, 42% used [0x00000000a0000000,0x00000000a0cb3188,0x00000000a1e00000)
 Metaspace       used 28361K, capacity 28982K, committed 29232K, reserved 1075200K
  class space    used 3862K, capacity 4037K, committed 4144K, reserved 1048576K
}

