# JRE version: OpenJDK Runtime Environment (8.0_76-b03) (build 1.8.0_76-release-b03)
# Java VM: OpenJDK 64-Bit Server VM (25.76-b03 mixed mode windows-amd64 compressed oops)
Heap:
 PSYoungGen      total 271360K, used 125977K [0x00000000e0000000, 0x00000000f2300000, 0x0000000100000000)
  eden space 259072K, 46% used [0x00000000e0000000,0x00000000e750e698,0x00000000efd00000)
  from space 12288K, 49% used [0x00000000efd00000,0x00000000f02f8110,0x00000000f0900000)
  to   space 19456K, 0% used [0x00000000f1000000,0x00000000f1000000,0x00000000f2300000)
 ParOldGen       total 40960K, used 40555K [0x00000000a0000000, 0x00000000a2800000, 0x00000000e0000000)
  object space 40960K, 99% used [0x00000000a0000000,0x00000000a279ae48,0x00000000a2800000)
 Metaspace       used 52833K, capacity 54952K, committed 55040K, reserved 1097728K
  class space    used 7137K, capacity 7625K, committed 7680K, reserved 1048576K
GC Heap History (10 events):
Event: 49.283 GC heap before
{Heap before GC invocations=12 (full 2):
 PSYoungGen      total 185344K, used 7700K [0x00000000e0000000, 0x00000000ec100000, 0x0000000100000000)
  eden space 175616K, 0% used [0x00000000e0000000,0x00000000e0000000,0x00000000eab80000)
  from space 9728K, 79% used [0x00000000eb580000,0x00000000ebd05178,0x00000000ebf00000)
  to   space 10240K, 0% used [0x00000000eab80000,0x00000000eab80000,0x00000000eb580000)
 ParOldGen       total 31744K, used 13589K [0x00000000a0000000, 0x00000000a1f00000, 0x00000000e0000000)
  object space 31744K, 42% used [0x00000000a0000000,0x00000000a0d455f8,0x00000000a1f00000)
 Metaspace       used 34544K, capacity 35282K, committed 35416K, reserved 1079296K
  class space    used 4635K, capacity 4834K, committed 4864K, reserved 1048576K
Event: 49.576 GC heap after
Heap after GC invocations=12 (full 2):
 PSYoungGen      total 185344K, used 0K [0x00000000e0000000, 0x00000000ec100000, 0x0000000100000000)
  eden space 175616K, 0% used [0x00000000e0000000,0x00000000e0000000,0x00000000eab80000)
  from space 9728K, 0% used [0x00000000eb580000,0x00000000eb580000,0x00000000ebf00000)
  to   space 10240K, 0% used [0x00000000eab80000,0x00000000eab80000,0x00000000eb580000)
 ParOldGen       total 40960K, used 17698K [0x00000000a0000000, 0x00000000a2800000, 0x00000000e0000000)
  object space 40960K, 43% used [0x00000000a0000000,0x00000000a1148b30,0x00000000a2800000)
 Metaspace       used 34544K, capacity 35282K, committed 35416K, reserved 1079296K
  class space    used 4635K, capacity 4834K, committed 4864K, reserved 1048576K
}
Event: 65.102 GC heap before
{Heap before GC invocations=13 (full 2):
 PSYoungGen      total 185344K, used 175616K [0x00000000e0000000, 0x00000000ec100000, 0x0000000100000000)
  eden space 175616K, 100% used [0x00000000e0000000,0x00000000eab80000,0x00000000eab80000)
  from space 9728K, 0% used [0x00000000eb580000,0x00000000eb580000,0x00000000ebf00000)
  to   space 10240K, 0% used [0x00000000eab80000,0x00000000eab80000,0x00000000eb580000)
 ParOldGen       total 40960K, used 17698K [0x00000000a0000000, 0x00000000a2800000, 0x00000000e0000000)
  object space 40960K, 43% used [0x00000000a0000000,0x00000000a1148b30,0x00000000a2800000)
 Metaspace       used 41975K, capacity 42866K, committed 43264K, reserved 1087488K
  class space    used 5580K, capacity 5815K, committed 5888K, reserved 1048576K
Event: 65.126 GC heap after
Heap after GC invocations=13 (full 2):
 PSYoungGen      total 185856K, used 10215K [0x00000000e0000000, 0x00000000f1900000, 0x0000000100000000)
  eden space 175616K, 0% used [0x00000000e0000000,0x00000000e0000000,0x00000000eab80000)
  from space 10240K, 99% used [0x00000000eab80000,0x00000000eb579c78,0x00000000eb580000)
  to   space 12288K, 0% used [0x00000000f0d00000,0x00000000f0d00000,0x00000000f1900000)
 ParOldGen       total 40960K, used 19451K [0x00000000a0000000, 0x00000000a2800000, 0x00000000e0000000)
  object space 40960K, 47% used [0x00000000a0000000,0x00000000a12fef28,0x00000000a2800000)
 Metaspace       used 41975K, capacity 42866K, committed 43264K, reserved 1087488K
  class space    used 5580K, capacity 5815K, committed 5888K, reserved 1048576K
}
Event: 67.737 GC heap before
{Heap before GC invocations=14 (full 2):
 PSYoungGen      total 185856K, used 185831K [0x00000000e0000000, 0x00000000f1900000, 0x0000000100000000)
  eden space 175616K, 100% used [0x00000000e0000000,0x00000000eab80000,0x00000000eab80000)
  from space 10240K, 99% used [0x00000000eab80000,0x00000000eb579c78,0x00000000eb580000)
  to   space 12288K, 0% used [0x00000000f0d00000,0x00000000f0d00000,0x00000000f1900000)
 ParOldGen       total 40960K, used 19451K [0x00000000a0000000, 0x00000000a2800000, 0x00000000e0000000)
  object space 40960K, 47% used [0x00000000a0000000,0x00000000a12fef28,0x00000000a2800000)
 Metaspace       used 42293K, capacity 43236K, committed 43520K, reserved 1087488K
  class space    used 5595K, capacity 5822K, committed 5888K, reserved 1048576K
Event: 67.760 GC heap after
Heap after GC invocations=14 (full 2):
 PSYoungGen      total 267264K, used 7068K [0x00000000e0000000, 0x00000000f1500000, 0x0000000100000000)
  eden space 259072K, 0% used [0x00000000e0000000,0x00000000e0000000,0x00000000efd00000)
  from space 8192K, 86% used [0x00000000f0d00000,0x00000000f13e73f0,0x00000000f1500000)
  to   space 12288K, 0% used [0x00000000efd00000,0x00000000efd00000,0x00000000f0900000)
 ParOldGen       total 40960K, used 25040K [0x00000000a0000000, 0x00000000a2800000, 0x00000000e0000000)
  object space 40960K, 61% used [0x00000000a0000000,0x00000000a1874140,0x00000000a2800000)
 Metaspace       used 42293K, capacity 43236K, committed 43520K, reserved 1087488K
  class space    used 5595K, capacity 5822K, committed 5888K, reserved 1048576K
}
Event: 98.435 GC heap before
{Heap before GC invocations=15 (full 2):
 PSYoungGen      total 267264K, used 251184K [0x00000000e0000000, 0x00000000f1500000, 0x0000000100000000)
  eden space 259072K, 94% used [0x00000000e0000000,0x00000000eee64db0,0x00000000efd00000)
  from space 8192K, 86% used [0x00000000f0d00000,0x00000000f13e73f0,0x00000000f1500000)
  to   space 12288K, 0% used [0x00000000efd00000,0x00000000efd00000,0x00000000f0900000)
 ParOldGen       total 40960K, used 25040K [0x00000000a0000000, 0x00000000a2800000, 0x00000000e0000000)
  object space 40960K, 61% used [0x00000000a0000000,0x00000000a1874140,0x00000000a2800000)
 Metaspace       used 52301K, capacity 54350K, committed 54528K, reserved 1095680K
  class space    used 7113K, capacity 7596K, committed 7680K, reserved 1048576K
Event: 98.666 GC heap after
Heap after GC invocations=15 (full 2):
 PSYoungGen      total 271360K, used 12278K [0x00000000e0000000, 0x00000000f2300000, 0x0000000100000000)
  eden space 259072K, 0% used [0x00000000e0000000,0x00000000e0000000,0x00000000efd00000)
  from space 12288K, 99% used [0x00000000efd00000,0x00000000f08fd840,0x00000000f0900000)
  to   space 19456K, 0% used [0x00000000f1000000,0x00000000f1000000,0x00000000f2300000)
 ParOldGen       total 40960K, used 40704K [0x00000000a0000000, 0x00000000a2800000, 0x00000000e0000000)
  object space 40960K, 99% used [0x00000000a0000000,0x00000000a27c00e8,0x00000000a2800000)
 Metaspace       used 52301K, capacity 54350K, committed 54528K, reserved 1095680K
  class space    used 7113K, capacity 7596K, committed 7680K, reserved 1048576K
}
Event: 98.666 GC heap before
{Heap before GC invocations=16 (full 3):
 PSYoungGen      total 271360K, used 12278K [0x00000000e0000000, 0x00000000f2300000, 0x0000000100000000)
  eden space 259072K, 0% used [0x00000000e0000000,0x00000000e0000000,0x00000000efd00000)
  from space 12288K, 99% used [0x00000000efd00000,0x00000000f08fd840,0x00000000f0900000)
  to   space 19456K, 0% used [0x00000000f1000000,0x00000000f1000000,0x00000000f2300000)
 ParOldGen       total 40960K, used 40704K [0x00000000a0000000, 0x00000000a2800000, 0x00000000e0000000)
  object space 40960K, 99% used [0x00000000a0000000,0x00000000a27c00e8,0x00000000a2800000)
 Metaspace       used 52301K, capacity 54350K, committed 54528K, reserved 1095680K
  class space    used 7113K, capacity 7596K, committed 7680K, reserved 1048576K
Event: 99.852 GC heap after
Heap after GC invocations=16 (full 3):
 PSYoungGen      total 271360K, used 6112K [0x00000000e0000000, 0x00000000f2300000, 0x0000000100000000)
  eden space 259072K, 0% used [0x00000000e0000000,0x00000000e0000000,0x00000000efd00000)
  from space 12288K, 49% used [0x00000000efd00000,0x00000000f02f8110,0x00000000f0900000)
  to   space 19456K, 0% used [0x00000000f1000000,0x00000000f1000000,0x00000000f2300000)
 ParOldGen       total 40960K, used 40555K [0x00000000a0000000, 0x00000000a2800000, 0x00000000e0000000)
  object space 40960K, 99% used [0x00000000a0000000,0x00000000a279ae48,0x00000000a2800000)
 Metaspace       used 52301K, capacity 54350K, committed 54528K, reserved 1095680K
  class space    used 7113K, capacity 7596K, committed 7680K, reserved 1048576K
}

